<?xml version="1.0" encoding="UTF-8"?>
<testsuite name="TestPostman" tests="1" skipped="0" failures="0" errors="0" timestamp="2021-07-25T12:36:20" hostname="RUBINOV" time="5.3">
  <properties/>
  <testcase name="shouldReturnData()" classname="TestPostman" time="5.3"/>
  <system-out><![CDATA[]]></system-out>
  <system-err><![CDATA[]]></system-err>
</testsuite>
